<?xml version="1.0" encoding="utf-8"?>
<TestRun id="306f12ce-126a-461e-a233-10e0452d652a" name="Leandro@DESKTOP-QFM0IIA 2022-02-21 10:15:28" runUser="DESKTOP-QFM0IIA\Leandro" xmlns="http://microsoft.com/schemas/VisualStudio/TeamTest/2010">
  <Times creation="2022-02-21T10:15:28.3515355-03:00" queuing="2022-02-21T10:15:28.3515357-03:00" start="2022-02-21T10:15:26.1936081-03:00" finish="2022-02-21T10:15:28.3615313-03:00" />
  <TestSettings name="default" id="46469382-c83c-48b3-b784-d0c549418e3e">
    <Deployment runDeploymentRoot="Leandro_DESKTOP-QFM0IIA_2022-02-21_10_15_28" />
  </TestSettings>
  <Results>
    <UnitTestResult executionId="ce1cc6fd-e618-47ad-be63-2aac13367981" testId="1fdd6013-8c07-4248-89c1-9307160fedd8" testName="GameEngine.Tests.BossEnemyShould.HaveCorrectPower" computerName="DESKTOP-QFM0IIA" duration="00:00:00.0073323" startTime="2022-02-21T10:15:28.0858730-03:00" endTime="2022-02-21T10:15:28.0859751-03:00" testType="13cdc9d9-ddb5-4fa4-a97d-d965ccfc6d4b" outcome="Passed" testListId="8c84fa94-04c1-424b-9868-57a2d4851a1d" relativeResultsDirectory="ce1cc6fd-e618-47ad-be63-2aac13367981">
      <Output>
        <StdOut>Creating Boss Enemy</StdOut>
      </Output>
    </UnitTestResult>
  </Results>
  <TestDefinitions>
    <UnitTest name="GameEngine.Tests.BossEnemyShould.HaveCorrectPower" storage="d:\users\leandro\projetos\pluralsight\getting-started\02\demos\after\02startingtest\gameengine.tests\bin\debug\netcoreapp3.1\gameengine.tests.dll" id="1fdd6013-8c07-4248-89c1-9307160fedd8">
      <Execution id="ce1cc6fd-e618-47ad-be63-2aac13367981" />
      <TestMethod codeBase="D:\Users\Leandro\Projetos\pluralsight\getting-started\02\demos\after\02StartingTest\GameEngine.Tests\bin\Debug\netcoreapp3.1\GameEngine.Tests.dll" adapterTypeName="executor://xunit/VsTestRunner2/netcoreapp" className="GameEngine.Tests.BossEnemyShould" name="HaveCorrectPower" />
    </UnitTest>
  </TestDefinitions>
  <TestEntries>
    <TestEntry testId="1fdd6013-8c07-4248-89c1-9307160fedd8" executionId="ce1cc6fd-e618-47ad-be63-2aac13367981" testListId="8c84fa94-04c1-424b-9868-57a2d4851a1d" />
  </TestEntries>
  <TestLists>
    <TestList name="Resultados que não estão em uma lista" id="8c84fa94-04c1-424b-9868-57a2d4851a1d" />
    <TestList name="Todos os resultados carregados" id="19431567-8539-422a-85d7-44ee4e166bda" />
  </TestLists>
  <ResultSummary outcome="Completed">
    <Counters total="1" executed="1" passed="1" failed="0" error="0" timeout="0" aborted="0" inconclusive="0" passedButRunAborted="0" notRunnable="0" notExecuted="0" disconnected="0" warning="0" completed="0" inProgress="0" pending="0" />
    <Output>
      <StdOut>[xUnit.net 00:00:00.00] xUnit.net VSTest Adapter v2.4.3+1b45f5407b (64-bit .NET Core 3.1.22)&#xD;
[xUnit.net 00:00:00.64]   Discovering: GameEngine.Tests&#xD;
[xUnit.net 00:00:00.70]   Discovered:  GameEngine.Tests&#xD;
[xUnit.net 00:00:00.71]   Starting:    GameEngine.Tests&#xD;
[xUnit.net 00:00:00.80]   Finished:    GameEngine.Tests&#xD;
</StdOut>
    </Output>
  </ResultSummary>
</TestRun>